# JRE version: OpenJDK Runtime Environment (11.0.11+9) (build 11.0.11+9-Ubuntu-0ubuntu2.16.04)
# Java VM: OpenJDK 64-Bit Server VM (11.0.11+9-Ubuntu-0ubuntu2.16.04, mixed mode, sharing, tiered, compressed oops, g1 gc, linux-amd64)
Heap:
 garbage-first heap   total 196608K, used 18312K [0x00000000d7400000, 0x0000000100000000)
  region size 1024K, 1 young (1024K), 1 survivors (1024K)
 Metaspace       used 38483K, capacity 39935K, committed 40268K, reserved 1083392K
  class space    used 4973K, capacity 5581K, committed 5708K, reserved 1048576K
GC Heap History (20 events):
Event: 25,898 GC heap after
{Heap after GC invocations=13 (full 0):
 garbage-first heap   total 54272K, used 15276K [0x00000000d7400000, 0x0000000100000000)
  region size 1024K, 3 young (3072K), 3 survivors (3072K)
 Metaspace       used 33921K, capacity 35204K, committed 35328K, reserved 1079296K
  class space    used 4267K, capacity 4787K, committed 4864K, reserved 1048576K
}
Event: 26,514 GC heap before
{Heap before GC invocations=13 (full 0):
 garbage-first heap   total 54272K, used 17324K [0x00000000d7400000, 0x0000000100000000)
  region size 1024K, 7 young (7168K), 3 survivors (3072K)
 Metaspace       used 34495K, capacity 35737K, committed 35840K, reserved 1081344K
  class space    used 4349K, capacity 4857K, committed 4864K, reserved 1048576K
}
Event: 26,543 GC heap after
{Heap after GC invocations=14 (full 0):
 garbage-first heap   total 54272K, used 15528K [0x00000000d7400000, 0x0000000100000000)
  region size 1024K, 2 young (2048K), 2 survivors (2048K)
 Metaspace       used 34495K, capacity 35737K, committed 35840K, reserved 1081344K
  class space    used 4349K, capacity 4857K, committed 4864K, reserved 1048576K
}
Event: 39,823 GC heap before
{Heap before GC invocations=15 (full 0):
 garbage-first heap   total 54272K, used 36008K [0x00000000d7400000, 0x0000000100000000)
  region size 1024K, 23 young (23552K), 2 survivors (2048K)
 Metaspace       used 37321K, capacity 38777K, committed 38988K, reserved 1083392K
  class space    used 4812K, capacity 5408K, committed 5452K, reserved 1048576K
}
Event: 40,999 GC heap after
{Heap after GC invocations=16 (full 0):
 garbage-first heap   total 65536K, used 17465K [0x00000000d7400000, 0x0000000100000000)
  region size 1024K, 3 young (3072K), 3 survivors (3072K)
 Metaspace       used 37321K, capacity 38777K, committed 38988K, reserved 1083392K
  class space    used 4812K, capacity 5408K, committed 5452K, reserved 1048576K
}
Event: 41,692 GC heap before
{Heap before GC invocations=16 (full 0):
 garbage-first heap   total 65536K, used 18489K [0x00000000d7400000, 0x0000000100000000)
  region size 1024K, 4 young (4096K), 3 survivors (3072K)
 Metaspace       used 37417K, capacity 38878K, committed 39116K, reserved 1083392K
  class space    used 4825K, capacity 5442K, committed 5580K, reserved 1048576K
}
Event: 41,717 GC heap after
{Heap after GC invocations=17 (full 0):
 garbage-first heap   total 65536K, used 18016K [0x00000000d7400000, 0x0000000100000000)
  region size 1024K, 1 young (1024K), 1 survivors (1024K)
 Metaspace       used 37417K, capacity 38878K, committed 39116K, reserved 1083392K
  class space    used 4825K, capacity 5442K, committed 5580K, reserved 1048576K
}
Event: 42,187 GC heap before
{Heap before GC invocations=17 (full 0):
 garbage-first heap   total 65536K, used 19040K [0x00000000d7400000, 0x0000000100000000)
  region size 1024K, 3 young (3072K), 1 survivors (1024K)
 Metaspace       used 37586K, capacity 39017K, committed 39372K, reserved 1083392K
  class space    used 4848K, capacity 5446K, committed 5580K, reserved 1048576K
}
Event: 42,194 GC heap after
{Heap after GC invocations=18 (full 0):
 garbage-first heap   total 65536K, used 17882K [0x00000000d7400000, 0x0000000100000000)
  region size 1024K, 1 young (1024K), 1 survivors (1024K)
 Metaspace       used 37586K, capacity 39017K, committed 39372K, reserved 1083392K
  class space    used 4848K, capacity 5446K, committed 5580K, reserved 1048576K
}
Event: 44,344 GC heap before
{Heap before GC invocations=18 (full 0):
 garbage-first heap   total 65536K, used 19930K [0x00000000d7400000, 0x0000000100000000)
  region size 1024K, 3 young (3072K), 1 survivors (1024K)
 Metaspace       used 37819K, capacity 39341K, committed 39628K, reserved 1083392K
  class space    used 4884K, capacity 5492K, committed 5580K, reserved 1048576K
}
Event: 44,353 GC heap after
{Heap after GC invocations=19 (full 0):
 garbage-first heap   total 65536K, used 18018K [0x00000000d7400000, 0x0000000100000000)
  region size 1024K, 1 young (1024K), 1 survivors (1024K)
 Metaspace       used 37819K, capacity 39341K, committed 39628K, reserved 1083392K
  class space    used 4884K, capacity 5492K, committed 5580K, reserved 1048576K
}
Event: 52,338 GC heap before
{Heap before GC invocations=19 (full 0):
 garbage-first heap   total 65536K, used 20066K [0x00000000d7400000, 0x0000000100000000)
  region size 1024K, 3 young (3072K), 1 survivors (1024K)
 Metaspace       used 38191K, capacity 39639K, committed 39884K, reserved 1083392K
  class space    used 4928K, capacity 5528K, committed 5580K, reserved 1048576K
}
Event: 52,351 GC heap after
{Heap after GC invocations=20 (full 0):
 garbage-first heap   total 65536K, used 18239K [0x00000000d7400000, 0x0000000100000000)
  region size 1024K, 1 young (1024K), 1 survivors (1024K)
 Metaspace       used 38191K, capacity 39639K, committed 39884K, reserved 1083392K
  class space    used 4928K, capacity 5528K, committed 5580K, reserved 1048576K
}
Event: 67,764 GC heap before
{Heap before GC invocations=20 (full 0):
 garbage-first heap   total 65536K, used 20287K [0x00000000d7400000, 0x0000000100000000)
  region size 1024K, 3 young (3072K), 1 survivors (1024K)
 Metaspace       used 38425K, capacity 39913K, committed 40140K, reserved 1083392K
  class space    used 4967K, capacity 5576K, committed 5580K, reserved 1048576K
}
Event: 73,463 GC heap after
{Heap after GC invocations=21 (full 0):
 garbage-first heap   total 65536K, used 18342K [0x00000000d7400000, 0x0000000100000000)
  region size 1024K, 1 young (1024K), 1 survivors (1024K)
 Metaspace       used 38425K, capacity 39913K, committed 40140K, reserved 1083392K
  class space    used 4967K, capacity 5576K, committed 5580K, reserved 1048576K
}
Event: 107,871 GC heap before
{Heap before GC invocations=21 (full 0):
 garbage-first heap   total 65536K, used 20390K [0x00000000d7400000, 0x0000000100000000)
  region size 1024K, 3 young (3072K), 1 survivors (1024K)
 Metaspace       used 38444K, capacity 39914K, committed 40140K, reserved 1083392K
  class space    used 4967K, capacity 5576K, committed 5580K, reserved 1048576K
}
Event: 113,259 GC heap after
{Heap after GC invocations=22 (full 0):
 garbage-first heap   total 65536K, used 18370K [0x00000000d7400000, 0x0000000100000000)
  region size 1024K, 1 young (1024K), 1 survivors (1024K)
 Metaspace       used 38444K, capacity 39914K, committed 40140K, reserved 1083392K
  class space    used 4967K, capacity 5576K, committed 5580K, reserved 1048576K
}
Event: 409,007 GC heap before
{Heap before GC invocations=22 (full 0):
 garbage-first heap   total 65536K, used 20418K [0x00000000d7400000, 0x0000000100000000)
  region size 1024K, 3 young (3072K), 1 survivors (1024K)
 Metaspace       used 38482K, capacity 39935K, committed 40268K, reserved 1083392K
  class space    used 4973K, capacity 5581K, committed 5708K, reserved 1048576K
}
Event: 410,800 GC heap after
{Heap after GC invocations=23 (full 0):
 garbage-first heap   total 65536K, used 18372K [0x00000000d7400000, 0x0000000100000000)
  region size 1024K, 1 young (1024K), 1 survivors (1024K)
 Metaspace       used 38482K, capacity 39935K, committed 40268K, reserved 1083392K
  class space    used 4973K, capacity 5581K, committed 5708K, reserved 1048576K
}
Event: 469,624 GC heap before
{Heap before GC invocations=23 (full 0):
 garbage-first heap   total 65536K, used 20420K [0x00000000d7400000, 0x0000000100000000)
  region size 1024K, 3 young (3072K), 1 survivors (1024K)
 Metaspace       used 38483K, capacity 39935K, committed 40268K, reserved 1083392K
  class space    used 4973K, capacity 5581K, committed 5708K, reserved 1048576K
}

