# JRE version: OpenJDK Runtime Environment (11.0.11+9) (build 11.0.11+9-Ubuntu-0ubuntu2.16.04)
# Java VM: OpenJDK 64-Bit Server VM (11.0.11+9-Ubuntu-0ubuntu2.16.04, mixed mode, sharing, tiered, compressed oops, g1 gc, linux-amd64)
Heap:
 garbage-first heap   total 232448K, used 95707K [0x00000000d7400000, 0x0000000100000000)
  region size 1024K, 1 young (1024K), 1 survivors (1024K)
 Metaspace       used 52485K, capacity 54638K, committed 54860K, reserved 1095680K
  class space    used 6792K, capacity 7694K, committed 7756K, reserved 1048576K
GC Heap History (20 events):
Event: 45,960 GC heap after
{Heap after GC invocations=30 (full 0):
 garbage-first heap   total 113664K, used 94578K [0x00000000d7400000, 0x0000000100000000)
  region size 1024K, 1 young (1024K), 1 survivors (1024K)
 Metaspace       used 48983K, capacity 50922K, committed 51276K, reserved 1093632K
  class space    used 6316K, capacity 7131K, committed 7244K, reserved 1048576K
}
Event: 46,613 GC heap before
{Heap before GC invocations=30 (full 0):
 garbage-first heap   total 113664K, used 97650K [0x00000000d7400000, 0x0000000100000000)
  region size 1024K, 5 young (5120K), 1 survivors (1024K)
 Metaspace       used 49889K, capacity 51887K, committed 52172K, reserved 1093632K
  class space    used 6444K, capacity 7283K, committed 7372K, reserved 1048576K
}
Event: 46,628 GC heap after
{Heap after GC invocations=31 (full 0):
 garbage-first heap   total 113664K, used 94846K [0x00000000d7400000, 0x0000000100000000)
  region size 1024K, 1 young (1024K), 1 survivors (1024K)
 Metaspace       used 49889K, capacity 51887K, committed 52172K, reserved 1093632K
  class space    used 6444K, capacity 7283K, committed 7372K, reserved 1048576K
}
Event: 47,345 GC heap before
{Heap before GC invocations=32 (full 0):
 garbage-first heap   total 113664K, used 98942K [0x00000000d7400000, 0x0000000100000000)
  region size 1024K, 5 young (5120K), 1 survivors (1024K)
 Metaspace       used 50252K, capacity 52248K, committed 52428K, reserved 1093632K
  class space    used 6491K, capacity 7318K, committed 7372K, reserved 1048576K
}
Event: 47,357 GC heap after
{Heap after GC invocations=33 (full 0):
 garbage-first heap   total 113664K, used 94861K [0x00000000d7400000, 0x0000000100000000)
  region size 1024K, 1 young (1024K), 1 survivors (1024K)
 Metaspace       used 50252K, capacity 52248K, committed 52428K, reserved 1093632K
  class space    used 6491K, capacity 7318K, committed 7372K, reserved 1048576K
}
Event: 48,128 GC heap before
{Heap before GC invocations=33 (full 0):
 garbage-first heap   total 113664K, used 97933K [0x00000000d7400000, 0x0000000100000000)
  region size 1024K, 5 young (5120K), 1 survivors (1024K)
 Metaspace       used 50933K, capacity 52982K, committed 53068K, reserved 1095680K
  class space    used 6593K, capacity 7457K, committed 7500K, reserved 1048576K
}
Event: 48,141 GC heap after
{Heap after GC invocations=34 (full 0):
 garbage-first heap   total 113664K, used 95121K [0x00000000d7400000, 0x0000000100000000)
  region size 1024K, 1 young (1024K), 1 survivors (1024K)
 Metaspace       used 50933K, capacity 52982K, committed 53068K, reserved 1095680K
  class space    used 6593K, capacity 7457K, committed 7500K, reserved 1048576K
}
Event: 49,590 GC heap before
{Heap before GC invocations=35 (full 0):
 garbage-first heap   total 113664K, used 98193K [0x00000000d7400000, 0x0000000100000000)
  region size 1024K, 5 young (5120K), 1 survivors (1024K)
 Metaspace       used 51621K, capacity 53740K, committed 53964K, reserved 1095680K
  class space    used 6691K, capacity 7564K, committed 7628K, reserved 1048576K
}
Event: 49,606 GC heap after
{Heap after GC invocations=36 (full 0):
 garbage-first heap   total 113664K, used 95347K [0x00000000d7400000, 0x0000000100000000)
  region size 1024K, 1 young (1024K), 1 survivors (1024K)
 Metaspace       used 51621K, capacity 53740K, committed 53964K, reserved 1095680K
  class space    used 6691K, capacity 7564K, committed 7628K, reserved 1048576K
}
Event: 53,319 GC heap before
{Heap before GC invocations=36 (full 0):
 garbage-first heap   total 113664K, used 99443K [0x00000000d7400000, 0x0000000100000000)
  region size 1024K, 5 young (5120K), 1 survivors (1024K)
 Metaspace       used 52294K, capacity 54404K, committed 54604K, reserved 1095680K
  class space    used 6772K, capacity 7659K, committed 7756K, reserved 1048576K
}
Event: 53,335 GC heap after
{Heap after GC invocations=37 (full 0):
 garbage-first heap   total 113664K, used 95692K [0x00000000d7400000, 0x0000000100000000)
  region size 1024K, 1 young (1024K), 1 survivors (1024K)
 Metaspace       used 52294K, capacity 54404K, committed 54604K, reserved 1095680K
  class space    used 6772K, capacity 7659K, committed 7756K, reserved 1048576K
}
Event: 82,441 GC heap before
{Heap before GC invocations=38 (full 0):
 garbage-first heap   total 113664K, used 99788K [0x00000000d7400000, 0x0000000100000000)
  region size 1024K, 5 young (5120K), 1 survivors (1024K)
 Metaspace       used 52459K, capacity 54571K, committed 54860K, reserved 1095680K
  class space    used 6790K, capacity 7693K, committed 7756K, reserved 1048576K
}
Event: 83,122 GC heap after
{Heap after GC invocations=39 (full 0):
 garbage-first heap   total 113664K, used 95722K [0x00000000d7400000, 0x0000000100000000)
  region size 1024K, 1 young (1024K), 1 survivors (1024K)
 Metaspace       used 52459K, capacity 54571K, committed 54860K, reserved 1095680K
  class space    used 6790K, capacity 7693K, committed 7756K, reserved 1048576K
}
Event: 121,240 GC heap before
{Heap before GC invocations=39 (full 0):
 garbage-first heap   total 113664K, used 99818K [0x00000000d7400000, 0x0000000100000000)
  region size 1024K, 5 young (5120K), 1 survivors (1024K)
 Metaspace       used 52461K, capacity 54571K, committed 54860K, reserved 1095680K
  class space    used 6790K, capacity 7693K, committed 7756K, reserved 1048576K
}
Event: 121,631 GC heap after
{Heap after GC invocations=40 (full 0):
 garbage-first heap   total 113664K, used 95651K [0x00000000d7400000, 0x0000000100000000)
  region size 1024K, 1 young (1024K), 1 survivors (1024K)
 Metaspace       used 52461K, capacity 54571K, committed 54860K, reserved 1095680K
  class space    used 6790K, capacity 7693K, committed 7756K, reserved 1048576K
}
Event: 159,457 GC heap before
{Heap before GC invocations=41 (full 0):
 garbage-first heap   total 113664K, used 99747K [0x00000000d7400000, 0x0000000100000000)
  region size 1024K, 5 young (5120K), 1 survivors (1024K)
 Metaspace       used 52461K, capacity 54571K, committed 54860K, reserved 1095680K
  class space    used 6790K, capacity 7693K, committed 7756K, reserved 1048576K
}
Event: 159,983 GC heap after
{Heap after GC invocations=42 (full 0):
 garbage-first heap   total 113664K, used 95672K [0x00000000d7400000, 0x0000000100000000)
  region size 1024K, 1 young (1024K), 1 survivors (1024K)
 Metaspace       used 52461K, capacity 54571K, committed 54860K, reserved 1095680K
  class space    used 6790K, capacity 7693K, committed 7756K, reserved 1048576K
}
Event: 194,929 GC heap before
{Heap before GC invocations=42 (full 0):
 garbage-first heap   total 113664K, used 99768K [0x00000000d7400000, 0x0000000100000000)
  region size 1024K, 5 young (5120K), 1 survivors (1024K)
 Metaspace       used 52463K, capacity 54571K, committed 54860K, reserved 1095680K
  class space    used 6790K, capacity 7693K, committed 7756K, reserved 1048576K
}
Event: 201,701 GC heap after
{Heap after GC invocations=43 (full 0):
 garbage-first heap   total 113664K, used 95664K [0x00000000d7400000, 0x0000000100000000)
  region size 1024K, 1 young (1024K), 1 survivors (1024K)
 Metaspace       used 52463K, capacity 54571K, committed 54860K, reserved 1095680K
  class space    used 6790K, capacity 7693K, committed 7756K, reserved 1048576K
}
Event: 262,551 GC heap before
{Heap before GC invocations=44 (full 0):
 garbage-first heap   total 113664K, used 99760K [0x00000000d7400000, 0x0000000100000000)
  region size 1024K, 5 young (5120K), 1 survivors (1024K)
 Metaspace       used 52485K, capacity 54638K, committed 54860K, reserved 1095680K
  class space    used 6792K, capacity 7694K, committed 7756K, reserved 1048576K
}

