# JRE version: OpenJDK Runtime Environment (11.0.11+9) (build 11.0.11+9-Ubuntu-0ubuntu2.16.04)
# Java VM: OpenJDK 64-Bit Server VM (11.0.11+9-Ubuntu-0ubuntu2.16.04, mixed mode, sharing, tiered, compressed oops, g1 gc, linux-amd64)
Heap:
 garbage-first heap   total 340992K, used 26972K [0x00000000d7400000, 0x0000000100000000)
  region size 1024K, 1 young (1024K), 1 survivors (1024K)
 Metaspace       used 23046K, capacity 23424K, committed 23728K, reserved 1071104K
  class space    used 2577K, capacity 2737K, committed 2816K, reserved 1048576K
GC Heap History (20 events):
Event: 151,584 GC heap after
{Heap after GC invocations=15 (full 0):
 garbage-first heap   total 65536K, used 21384K [0x00000000d7400000, 0x0000000100000000)
  region size 1024K, 1 young (1024K), 1 survivors (1024K)
 Metaspace       used 22820K, capacity 23162K, committed 23472K, reserved 1071104K
  class space    used 2576K, capacity 2736K, committed 2816K, reserved 1048576K
}
Event: 157,020 GC heap before
{Heap before GC invocations=15 (full 0):
 garbage-first heap   total 65536K, used 23432K [0x00000000d7400000, 0x0000000100000000)
  region size 1024K, 3 young (3072K), 1 survivors (1024K)
 Metaspace       used 22834K, capacity 23162K, committed 23472K, reserved 1071104K
  class space    used 2577K, capacity 2736K, committed 2816K, reserved 1048576K
}
Event: 157,048 GC heap after
{Heap after GC invocations=16 (full 0):
 garbage-first heap   total 65536K, used 21591K [0x00000000d7400000, 0x0000000100000000)
  region size 1024K, 1 young (1024K), 1 survivors (1024K)
 Metaspace       used 22834K, capacity 23162K, committed 23472K, reserved 1071104K
  class space    used 2577K, capacity 2736K, committed 2816K, reserved 1048576K
}
Event: 162,080 GC heap before
{Heap before GC invocations=16 (full 0):
 garbage-first heap   total 65536K, used 22615K [0x00000000d7400000, 0x0000000100000000)
  region size 1024K, 3 young (3072K), 1 survivors (1024K)
 Metaspace       used 22892K, capacity 23226K, committed 23728K, reserved 1071104K
  class space    used 2577K, capacity 2736K, committed 2816K, reserved 1048576K
}
Event: 162,160 GC heap after
{Heap after GC invocations=17 (full 0):
 garbage-first heap   total 65536K, used 22172K [0x00000000d7400000, 0x0000000100000000)
  region size 1024K, 1 young (1024K), 1 survivors (1024K)
 Metaspace       used 22892K, capacity 23226K, committed 23728K, reserved 1071104K
  class space    used 2577K, capacity 2736K, committed 2816K, reserved 1048576K
}
Event: 168,356 GC heap before
{Heap before GC invocations=17 (full 0):
 garbage-first heap   total 65536K, used 24220K [0x00000000d7400000, 0x0000000100000000)
  region size 1024K, 3 young (3072K), 1 survivors (1024K)
 Metaspace       used 22903K, capacity 23226K, committed 23728K, reserved 1071104K
  class space    used 2577K, capacity 2736K, committed 2816K, reserved 1048576K
}
Event: 168,632 GC heap after
{Heap after GC invocations=18 (full 0):
 garbage-first heap   total 65536K, used 22615K [0x00000000d7400000, 0x0000000100000000)
  region size 1024K, 1 young (1024K), 1 survivors (1024K)
 Metaspace       used 22903K, capacity 23226K, committed 23728K, reserved 1071104K
  class space    used 2577K, capacity 2736K, committed 2816K, reserved 1048576K
}
Event: 177,236 GC heap before
{Heap before GC invocations=18 (full 0):
 garbage-first heap   total 65536K, used 31831K [0x00000000d7400000, 0x0000000100000000)
  region size 1024K, 10 young (10240K), 1 survivors (1024K)
 Metaspace       used 22914K, capacity 23291K, committed 23728K, reserved 1071104K
  class space    used 2577K, capacity 2736K, committed 2816K, reserved 1048576K
}
Event: 177,806 GC heap after
{Heap after GC invocations=19 (full 0):
 garbage-first heap   total 65536K, used 23311K [0x00000000d7400000, 0x0000000100000000)
  region size 1024K, 2 young (2048K), 2 survivors (2048K)
 Metaspace       used 22914K, capacity 23291K, committed 23728K, reserved 1071104K
  class space    used 2577K, capacity 2736K, committed 2816K, reserved 1048576K
}
Event: 193,179 GC heap before
{Heap before GC invocations=19 (full 0):
 garbage-first heap   total 65536K, used 38671K [0x00000000d7400000, 0x0000000100000000)
  region size 1024K, 18 young (18432K), 2 survivors (2048K)
 Metaspace       used 22962K, capacity 23356K, committed 23728K, reserved 1071104K
  class space    used 2577K, capacity 2736K, committed 2816K, reserved 1048576K
}
Event: 196,579 GC heap after
{Heap after GC invocations=20 (full 0):
 garbage-first heap   total 65536K, used 24967K [0x00000000d7400000, 0x0000000100000000)
  region size 1024K, 3 young (3072K), 3 survivors (3072K)
 Metaspace       used 22962K, capacity 23356K, committed 23728K, reserved 1071104K
  class space    used 2577K, capacity 2736K, committed 2816K, reserved 1048576K
}
Event: 206,558 GC heap before
{Heap before GC invocations=20 (full 0):
 garbage-first heap   total 65536K, used 25991K [0x00000000d7400000, 0x0000000100000000)
  region size 1024K, 4 young (4096K), 3 survivors (3072K)
 Metaspace       used 22965K, capacity 23356K, committed 23728K, reserved 1071104K
  class space    used 2577K, capacity 2736K, committed 2816K, reserved 1048576K
}
Event: 208,888 GC heap after
{Heap after GC invocations=21 (full 0):
 garbage-first heap   total 122880K, used 25293K [0x00000000d7400000, 0x0000000100000000)
  region size 1024K, 1 young (1024K), 1 survivors (1024K)
 Metaspace       used 22965K, capacity 23356K, committed 23728K, reserved 1071104K
  class space    used 2577K, capacity 2736K, committed 2816K, reserved 1048576K
}
Event: 242,779 GC heap before
{Heap before GC invocations=21 (full 0):
 garbage-first heap   total 122880K, used 30413K [0x00000000d7400000, 0x0000000100000000)
  region size 1024K, 6 young (6144K), 1 survivors (1024K)
 Metaspace       used 22995K, capacity 23356K, committed 23728K, reserved 1071104K
  class space    used 2577K, capacity 2736K, committed 2816K, reserved 1048576K
}
Event: 260,842 GC heap after
{Heap after GC invocations=22 (full 0):
 garbage-first heap   total 122880K, used 25577K [0x00000000d7400000, 0x0000000100000000)
  region size 1024K, 1 young (1024K), 1 survivors (1024K)
 Metaspace       used 22995K, capacity 23356K, committed 23728K, reserved 1071104K
  class space    used 2577K, capacity 2736K, committed 2816K, reserved 1048576K
}
Event: 359,814 GC heap before
{Heap before GC invocations=22 (full 0):
 garbage-first heap   total 122880K, used 30697K [0x00000000d7400000, 0x0000000100000000)
  region size 1024K, 6 young (6144K), 1 survivors (1024K)
 Metaspace       used 23009K, capacity 23356K, committed 23728K, reserved 1071104K
  class space    used 2577K, capacity 2736K, committed 2816K, reserved 1048576K
}
Event: 378,330 GC heap after
{Heap after GC invocations=23 (full 0):
 garbage-first heap   total 122880K, used 25665K [0x00000000d7400000, 0x0000000100000000)
  region size 1024K, 1 young (1024K), 1 survivors (1024K)
 Metaspace       used 23009K, capacity 23356K, committed 23728K, reserved 1071104K
  class space    used 2577K, capacity 2736K, committed 2816K, reserved 1048576K
}
Event: 396,658 GC heap before
{Heap before GC invocations=23 (full 0):
 garbage-first heap   total 122880K, used 30785K [0x00000000d7400000, 0x0000000100000000)
  region size 1024K, 6 young (6144K), 1 survivors (1024K)
 Metaspace       used 23021K, capacity 23423K, committed 23728K, reserved 1071104K
  class space    used 2577K, capacity 2737K, committed 2816K, reserved 1048576K
}
Event: 398,878 GC heap after
{Heap after GC invocations=24 (full 0):
 garbage-first heap   total 122880K, used 26498K [0x00000000d7400000, 0x0000000100000000)
  region size 1024K, 1 young (1024K), 1 survivors (1024K)
 Metaspace       used 23021K, capacity 23423K, committed 23728K, reserved 1071104K
  class space    used 2577K, capacity 2737K, committed 2816K, reserved 1048576K
}
Event: 421,344 GC heap before
{Heap before GC invocations=24 (full 0):
 garbage-first heap   total 122880K, used 30594K [0x00000000d7400000, 0x0000000100000000)
  region size 1024K, 6 young (6144K), 1 survivors (1024K)
 Metaspace       used 23046K, capacity 23424K, committed 23728K, reserved 1071104K
  class space    used 2577K, capacity 2737K, committed 2816K, reserved 1048576K
}

