# JRE version: OpenJDK Runtime Environment (11.0.11+9) (build 11.0.11+9-Ubuntu-0ubuntu2.16.04)
# Java VM: OpenJDK 64-Bit Server VM (11.0.11+9-Ubuntu-0ubuntu2.16.04, mixed mode, sharing, tiered, compressed oops, g1 gc, linux-amd64)
Heap:
 garbage-first heap   total 209920K, used 19985K [0x00000000d7400000, 0x0000000100000000)
  region size 1024K, 1 young (1024K), 1 survivors (1024K)
 Metaspace       used 36629K, capacity 38160K, committed 38320K, reserved 1081344K
  class space    used 4986K, capacity 5619K, committed 5632K, reserved 1048576K
GC Heap History (20 events):
Event: 466,865 GC heap after
{Heap after GC invocations=24 (full 0):
 garbage-first heap   total 89088K, used 18197K [0x00000000d7400000, 0x0000000100000000)
  region size 1024K, 1 young (1024K), 1 survivors (1024K)
 Metaspace       used 33737K, capacity 35137K, committed 35376K, reserved 1079296K
  class space    used 4621K, capacity 5191K, committed 5248K, reserved 1048576K
}
Event: 469,509 GC heap before
{Heap before GC invocations=24 (full 0):
 garbage-first heap   total 89088K, used 20245K [0x00000000d7400000, 0x0000000100000000)
  region size 1024K, 4 young (4096K), 1 survivors (1024K)
 Metaspace       used 34356K, capacity 35756K, committed 36016K, reserved 1079296K
  class space    used 4685K, capacity 5268K, committed 5376K, reserved 1048576K
}
Event: 469,530 GC heap after
{Heap after GC invocations=25 (full 0):
 garbage-first heap   total 89088K, used 18419K [0x00000000d7400000, 0x0000000100000000)
  region size 1024K, 1 young (1024K), 1 survivors (1024K)
 Metaspace       used 34356K, capacity 35756K, committed 36016K, reserved 1079296K
  class space    used 4685K, capacity 5268K, committed 5376K, reserved 1048576K
}
Event: 474,914 GC heap before
{Heap before GC invocations=25 (full 0):
 garbage-first heap   total 89088K, used 21491K [0x00000000d7400000, 0x0000000100000000)
  region size 1024K, 4 young (4096K), 1 survivors (1024K)
 Metaspace       used 34630K, capacity 36058K, committed 36272K, reserved 1081344K
  class space    used 4728K, capacity 5322K, committed 5376K, reserved 1048576K
}
Event: 474,936 GC heap after
{Heap after GC invocations=26 (full 0):
 garbage-first heap   total 89088K, used 18711K [0x00000000d7400000, 0x0000000100000000)
  region size 1024K, 1 young (1024K), 1 survivors (1024K)
 Metaspace       used 34630K, capacity 36058K, committed 36272K, reserved 1081344K
  class space    used 4728K, capacity 5322K, committed 5376K, reserved 1048576K
}
Event: 478,401 GC heap before
{Heap before GC invocations=26 (full 0):
 garbage-first heap   total 89088K, used 20759K [0x00000000d7400000, 0x0000000100000000)
  region size 1024K, 4 young (4096K), 1 survivors (1024K)
 Metaspace       used 35101K, capacity 36543K, committed 36912K, reserved 1081344K
  class space    used 4792K, capacity 5377K, committed 5504K, reserved 1048576K
}
Event: 478,416 GC heap after
{Heap after GC invocations=27 (full 0):
 garbage-first heap   total 89088K, used 19115K [0x00000000d7400000, 0x0000000100000000)
  region size 1024K, 1 young (1024K), 1 survivors (1024K)
 Metaspace       used 35101K, capacity 36543K, committed 36912K, reserved 1081344K
  class space    used 4792K, capacity 5377K, committed 5504K, reserved 1048576K
}
Event: 481,783 GC heap before
{Heap before GC invocations=27 (full 0):
 garbage-first heap   total 89088K, used 22187K [0x00000000d7400000, 0x0000000100000000)
  region size 1024K, 4 young (4096K), 1 survivors (1024K)
 Metaspace       used 35469K, capacity 36984K, committed 37168K, reserved 1081344K
  class space    used 4851K, capacity 5503K, committed 5504K, reserved 1048576K
}
Event: 481,803 GC heap after
{Heap after GC invocations=28 (full 0):
 garbage-first heap   total 89088K, used 19355K [0x00000000d7400000, 0x0000000100000000)
  region size 1024K, 1 young (1024K), 1 survivors (1024K)
 Metaspace       used 35469K, capacity 36984K, committed 37168K, reserved 1081344K
  class space    used 4851K, capacity 5503K, committed 5504K, reserved 1048576K
}
Event: 491,225 GC heap before
{Heap before GC invocations=28 (full 0):
 garbage-first heap   total 89088K, used 22427K [0x00000000d7400000, 0x0000000100000000)
  region size 1024K, 4 young (4096K), 1 survivors (1024K)
 Metaspace       used 35854K, capacity 37397K, committed 37552K, reserved 1081344K
  class space    used 4902K, capacity 5555K, committed 5632K, reserved 1048576K
}
Event: 494,205 GC heap after
{Heap after GC invocations=29 (full 0):
 garbage-first heap   total 89088K, used 19538K [0x00000000d7400000, 0x0000000100000000)
  region size 1024K, 1 young (1024K), 1 survivors (1024K)
 Metaspace       used 35854K, capacity 37397K, committed 37552K, reserved 1081344K
  class space    used 4902K, capacity 5555K, committed 5632K, reserved 1048576K
}
Event: 499,395 GC heap before
{Heap before GC invocations=29 (full 0):
 garbage-first heap   total 89088K, used 22610K [0x00000000d7400000, 0x0000000100000000)
  region size 1024K, 4 young (4096K), 1 survivors (1024K)
 Metaspace       used 36140K, capacity 37697K, committed 37808K, reserved 1081344K
  class space    used 4937K, capacity 5591K, committed 5632K, reserved 1048576K
}
Event: 499,409 GC heap after
{Heap after GC invocations=30 (full 0):
 garbage-first heap   total 89088K, used 19911K [0x00000000d7400000, 0x0000000100000000)
  region size 1024K, 1 young (1024K), 1 survivors (1024K)
 Metaspace       used 36140K, capacity 37697K, committed 37808K, reserved 1081344K
  class space    used 4937K, capacity 5591K, committed 5632K, reserved 1048576K
}
Event: 582,937 GC heap before
{Heap before GC invocations=30 (full 0):
 garbage-first heap   total 89088K, used 22983K [0x00000000d7400000, 0x0000000100000000)
  region size 1024K, 4 young (4096K), 1 survivors (1024K)
 Metaspace       used 36490K, capacity 38032K, committed 38064K, reserved 1081344K
  class space    used 4986K, capacity 5619K, committed 5632K, reserved 1048576K
}
Event: 585,903 GC heap after
{Heap after GC invocations=31 (full 0):
 garbage-first heap   total 89088K, used 20024K [0x00000000d7400000, 0x0000000100000000)
  region size 1024K, 1 young (1024K), 1 survivors (1024K)
 Metaspace       used 36490K, capacity 38032K, committed 38064K, reserved 1081344K
  class space    used 4986K, capacity 5619K, committed 5632K, reserved 1048576K
}
Event: 743,420 GC heap before
{Heap before GC invocations=31 (full 0):
 garbage-first heap   total 89088K, used 23096K [0x00000000d7400000, 0x0000000100000000)
  region size 1024K, 4 young (4096K), 1 survivors (1024K)
 Metaspace       used 36508K, capacity 38032K, committed 38064K, reserved 1081344K
  class space    used 4986K, capacity 5619K, committed 5632K, reserved 1048576K
}
Event: 750,590 GC heap after
{Heap after GC invocations=32 (full 0):
 garbage-first heap   total 89088K, used 19994K [0x00000000d7400000, 0x0000000100000000)
  region size 1024K, 1 young (1024K), 1 survivors (1024K)
 Metaspace       used 36508K, capacity 38032K, committed 38064K, reserved 1081344K
  class space    used 4986K, capacity 5619K, committed 5632K, reserved 1048576K
}
Event: 948,851 GC heap before
{Heap before GC invocations=32 (full 0):
 garbage-first heap   total 89088K, used 23066K [0x00000000d7400000, 0x0000000100000000)
  region size 1024K, 4 young (4096K), 1 survivors (1024K)
 Metaspace       used 36550K, capacity 38160K, committed 38320K, reserved 1081344K
  class space    used 4986K, capacity 5619K, committed 5632K, reserved 1048576K
}
Event: 961,956 GC heap after
{Heap after GC invocations=33 (full 0):
 garbage-first heap   total 89088K, used 19947K [0x00000000d7400000, 0x0000000100000000)
  region size 1024K, 1 young (1024K), 1 survivors (1024K)
 Metaspace       used 36550K, capacity 38160K, committed 38320K, reserved 1081344K
  class space    used 4986K, capacity 5619K, committed 5632K, reserved 1048576K
}
Event: 1151,657 GC heap before
{Heap before GC invocations=33 (full 0):
 garbage-first heap   total 89088K, used 23019K [0x00000000d7400000, 0x0000000100000000)
  region size 1024K, 4 young (4096K), 1 survivors (1024K)
 Metaspace       used 36629K, capacity 38160K, committed 38320K, reserved 1081344K
  class space    used 4986K, capacity 5619K, committed 5632K, reserved 1048576K
}

